  test.cpp
C:\Users\sueki\source\repos\AtCoder\debug\debug\test.cpp(12,9): warning C4068: 不明な pragma 'GCC'
C:\Users\sueki\source\repos\AtCoder\debug\debug\test.cpp(13,9): warning C4068: 不明な pragma 'GCC'
C:\Users\sueki\source\repos\AtCoder\debug\debug\test.cpp(14,9): warning C4068: 不明な pragma 'GCC'
C:\Users\sueki\source\repos\AtCoder\debug\debug\test.cpp(16,16): warning C4244: '初期化中': 'double' から 'll' への変換です。データが失われる可能性があります。
C:\Users\sueki\source\repos\AtCoder\debug\debug\test.cpp(21,51): warning C4244: '引数': 'll' から 'const unsigned int' への変換です。データが失われる可能性があります。
C:\Users\sueki\source\repos\AtCoder\debug\debug\test.cpp(29,56): warning C4244: '引数': 'll' から 'const unsigned int' への変換です。データが失われる可能性があります。
C:\Users\sueki\source\repos\AtCoder\debug\debug\test.cpp(29,59): warning C4244: '引数': 'll' から 'const unsigned int' への変換です。データが失われる可能性があります。
C:\Users\sueki\source\repos\AtCoder\debug\debug\test.cpp(30,21): warning C4244: '引数': 'll' から 'const unsigned int' への変換です。データが失われる可能性があります。
C:\Users\sueki\source\repos\AtCoder\debug\debug\test.cpp(84,36): warning C4244: '=': 'll' から 'size_t' への変換です。データが失われる可能性があります。
C:\Users\sueki\source\repos\AtCoder\debug\debug\test.cpp(122,32): warning C4244: '引数': 'll' から 'const unsigned int' への変換です。データが失われる可能性があります。
C:\Users\sueki\source\repos\AtCoder\debug\debug\test.cpp(124,51): warning C4244: '=': 'll' から 'size_t' への変換です。データが失われる可能性があります。
C:\Users\sueki\source\repos\AtCoder\debug\debug\test.cpp(127,25): warning C4244: '引数': 'll' から 'const unsigned int' への変換です。データが失われる可能性があります。
C:\Users\sueki\source\repos\AtCoder\debug\debug\test.cpp(128,22): warning C4244: '引数': 'll' から 'const unsigned int' への変換です。データが失われる可能性があります。
C:\Users\sueki\source\repos\AtCoder\debug\debug\test.cpp(144,18): warning C4244: '引数': 'll' から 'size_t' への変換です。データが失われる可能性があります。
C:\Users\sueki\source\repos\AtCoder\debug\debug\test.cpp(156,26): warning C4244: '引数': 'll' から 'const unsigned int' への変換です。データが失われる可能性があります。
C:\Users\sueki\source\repos\AtCoder\debug\debug\test.cpp(161,13): warning C4244: '引数': 'll' から 'const unsigned int' への変換です。データが失われる可能性があります。
C:\Users\sueki\source\repos\AtCoder\debug\debug\test.cpp(161,26): warning C4244: '引数': 'll' から 'size_t' への変換です。データが失われる可能性があります。
C:\Users\sueki\source\repos\AtCoder\debug\debug\test.cpp(171,18): warning C4244: '引数': 'll' から 'size_t' への変換です。データが失われる可能性があります。
C:\Users\sueki\source\repos\AtCoder\debug\debug\test.cpp(176,26): warning C4244: '引数': 'll' から 'const unsigned int' への変換です。データが失われる可能性があります。
C:\Users\sueki\source\repos\AtCoder\debug\debug\test.cpp(180,13): warning C4244: '引数': 'll' から 'const unsigned int' への変換です。データが失われる可能性があります。
C:\Users\sueki\source\repos\AtCoder\debug\debug\test.cpp(180,26): warning C4244: '引数': 'll' から 'size_t' への変換です。データが失われる可能性があります。
  コード生成しています。
C:\Users\sueki\source\repos\AtCoder\debug\debug\test.cpp(116): warning C4715: 'SortedSet::at': 値を返さないコントロール パスがあります。
  409 of 434 functions (94.2%) were compiled, the rest were copied from previous compilation.
    299 functions were new in current compilation
    6 functions had inline decision re-evaluated but remain unchanged
  コード生成が終了しました。
  debug.vcxproj -> C:\Users\sueki\source\repos\AtCoder\debug\Release\debug.exe
